<?xml version="1.0" encoding="UTF-8"?>
<!-- Generated by org.testng.reporters.JUnitReportReporter -->
<testsuite hostname="GANESH" failures="0" tests="1" name="testCases.TC_001_AccountRegistrationTest" time="10.830" errors="0" timestamp="2023-06-26T16:58:59 IST" skipped="0">
  <testcase classname="testCases.TC_001_AccountRegistrationTest" name="test_Account_Reg" time="10.830"/>
  <system-out/>
</testsuite> <!-- testCases.TC_001_AccountRegistrationTest -->
